#
# There is insufficient memory for the Java Runtime Environment to continue.
# Native memory allocation (malloc) failed to allocate 715915264 bytes for committing reserved memory.
# Possible reasons:
#   The system is out of physical RAM or swap space
#   In 32 bit mode, the process size limit was hit
# Possible solutions:
#   Reduce memory load on the system
#   Increase physical memory or swap space
#   Check if swap backing store is full
#   Use 64 bit Java on a 64 bit OS
#   Decrease Java heap size (-Xmx/-Xms)
#   Decrease number of Java threads
#   Decrease Java thread stack sizes (-Xss)
#   Set larger code cache with -XX:ReservedCodeCacheSize=
# This output file may be truncated or incomplete.
#
#  Out of Memory Error (os_linux.cpp:2745), pid=19473, tid=3078544240
#
# JRE version:  (7.0_67-b01) (build )
# Java VM: Java HotSpot(TM) Server VM (24.65-b04 mixed mode linux-x86 )
# Failed to write core dump. Core dumps have been disabled. To enable core dumping, try "ulimit -c unlimited" before starting Java again
#

---------------  T H R E A D  ---------------

Current thread (0xb7606800):  JavaThread "Unknown thread" [_thread_in_vm, id=19474, stack(0xb779d000,0xb77ee000)]

Stack: [0xb779d000,0xb77ee000],  sp=0xb77ecb50,  free space=318k
Native frames: (J=compiled Java code, j=interpreted, Vv=VM code, C=native code)
V  [libjvm.so+0x7e6b76]  VMError::report_and_die()+0x1a6
V  [libjvm.so+0x33d852]  report_vm_out_of_memory(char const*, int, unsigned int, char const*)+0x72
V  [libjvm.so+0x684cf1]  os::Linux::commit_memory_impl(char*, unsigned int, bool)+0xe1
V  [libjvm.so+0x6851b8]  os::pd_commit_memory(char*, unsigned int, unsigned int, bool)+0x28
V  [libjvm.so+0x67e92c]  os::commit_memory(char*, unsigned int, unsigned int, bool)+0x2c
V  [libjvm.so+0x6e8518]  PSVirtualSpace::expand_by(unsigned int)+0x48
V  [libjvm.so+0x6da33d]  PSOldGen::initialize(ReservedSpace, unsigned int, char const*, int)+0x7d
V  [libjvm.so+0x187966]  AdjoiningGenerations::AdjoiningGenerations(ReservedSpace, unsigned int, unsigned int, unsigned int, unsigned int, unsigned int, unsigned int, unsigned int)+0x2a6
V  [libjvm.so+0x6a3ef4]  ParallelScavengeHeap::initialize()+0x3b4
V  [libjvm.so+0x7ba8d4]  Universe::initialize_heap()+0xa4
V  [libjvm.so+0x7bbf05]  universe_init()+0x55
V  [libjvm.so+0x450865]  init_globals()+0x55
V  [libjvm.so+0x7a4b10]  Threads::create_vm(JavaVMInitArgs*, bool*)+0x200
V  [libjvm.so+0x4c35bc]  JNI_CreateJavaVM+0x5c
C  [libjli.so+0x2668]  JavaMain+0x98
C  [libpthread.so.0+0x6b39]  start_thread+0xc9


---------------  P R O C E S S  ---------------

Java Threads: ( => current thread )

Other Threads:

=>0xb7606800 (exited) JavaThread "Unknown thread" [_thread_in_vm, id=19474, stack(0xb779d000,0xb77ee000)]

VM state:not at safepoint (not fully initialized)

VM Mutex/Monitor currently owned by a thread: None

GC Heap History (0 events):
No events

Deoptimization events (0 events):
No events

Internal exceptions (0 events):
No events

Events (0 events):
No events


Dynamic libraries:
001b9000-00349000 r-xp 00000000 fd:00 1170       /lib/libc-2.12.so
00349000-0034a000 ---p 00190000 fd:00 1170       /lib/libc-2.12.so
0034a000-0034c000 r--p 00190000 fd:00 1170       /lib/libc-2.12.so
0034c000-0034d000 rw-p 00192000 fd:00 1170       /lib/libc-2.12.so
0034d000-00350000 rw-p 00000000 00:00 0 
00350000-0035c000 r-xp 00000000 fd:00 2419       /lib/libnss_files-2.12.so
0035c000-0035d000 r--p 0000b000 fd:00 2419       /lib/libnss_files-2.12.so
0035d000-0035e000 rw-p 0000c000 fd:00 2419       /lib/libnss_files-2.12.so
0035e000-00375000 r-xp 00000000 fd:00 283880     /usr/lib/jvm/jdk1.7.0_67/jre/lib/i386/libzip.so
00375000-00376000 rw-p 00017000 fd:00 283880     /usr/lib/jvm/jdk1.7.0_67/jre/lib/i386/libzip.so
00381000-00382000 r-xp 00000000 00:00 0          [vdso]
00651000-00654000 r-xp 00000000 fd:00 1176       /lib/libdl-2.12.so
00654000-00655000 r--p 00002000 fd:00 1176       /lib/libdl-2.12.so
00655000-00656000 rw-p 00003000 fd:00 1176       /lib/libdl-2.12.so
006ae000-006b9000 r-xp 00000000 fd:00 283901     /usr/lib/jvm/jdk1.7.0_67/jre/lib/i386/libverify.so
006b9000-006ba000 rw-p 0000b000 fd:00 283901     /usr/lib/jvm/jdk1.7.0_67/jre/lib/i386/libverify.so
006c4000-006cb000 r-xp 00000000 fd:00 2434       /lib/librt-2.12.so
006cb000-006cc000 r--p 00006000 fd:00 2434       /lib/librt-2.12.so
006cc000-006cd000 rw-p 00007000 fd:00 2434       /lib/librt-2.12.so
00705000-00718000 r-xp 00000000 fd:00 285002     /usr/lib/jvm/jdk1.7.0_67/lib/i386/jli/libjli.so
00718000-00719000 rw-p 00012000 fd:00 285002     /usr/lib/jvm/jdk1.7.0_67/lib/i386/jli/libjli.so
00ad7000-00afa000 r-xp 00000000 fd:00 283852     /usr/lib/jvm/jdk1.7.0_67/jre/lib/i386/libjava.so
00afa000-00afb000 rw-p 00023000 fd:00 283852     /usr/lib/jvm/jdk1.7.0_67/jre/lib/i386/libjava.so
00c37000-00c5f000 r-xp 00000000 fd:00 1179       /lib/libm-2.12.so
00c5f000-00c60000 r--p 00027000 fd:00 1179       /lib/libm-2.12.so
00c60000-00c61000 rw-p 00028000 fd:00 1179       /lib/libm-2.12.so
00d85000-00d9c000 r-xp 00000000 fd:00 2427       /lib/libpthread-2.12.so
00d9c000-00d9d000 r--p 00016000 fd:00 2427       /lib/libpthread-2.12.so
00d9d000-00d9e000 rw-p 00017000 fd:00 2427       /lib/libpthread-2.12.so
00d9e000-00da0000 rw-p 00000000 00:00 0 
00f13000-00f31000 r-xp 00000000 fd:00 1158       /lib/ld-2.12.so
00f31000-00f32000 r--p 0001d000 fd:00 1158       /lib/ld-2.12.so
00f32000-00f33000 rw-p 0001e000 fd:00 1158       /lib/ld-2.12.so
00f33000-017b6000 r-xp 00000000 fd:00 283887     /usr/lib/jvm/jdk1.7.0_67/jre/lib/i386/server/libjvm.so
017b6000-0181a000 rw-p 00882000 fd:00 283887     /usr/lib/jvm/jdk1.7.0_67/jre/lib/i386/server/libjvm.so
0181a000-01c3d000 rw-p 00000000 00:00 0 
08048000-08049000 r-xp 00000000 fd:00 283953     /usr/lib/jvm/jdk1.7.0_67/bin/java
08049000-0804a000 rw-p 00000000 fd:00 283953     /usr/lib/jvm/jdk1.7.0_67/bin/java
09275000-09296000 rw-p 00000000 00:00 0          [heap]
5f13f000-5f314000 rw-p 00000000 00:00 0 
5f314000-5f3c0000 rw-p 00000000 00:00 0 
5f3c0000-6f3c0000 rw-p 00000000 00:00 0 
99c65000-af409000 rw-p 00000000 00:00 0 
af409000-af600000 rw-p 00000000 00:00 0 
af600000-af840000 rwxp 00000000 00:00 0 
af840000-b7621000 rw-p 00000000 00:00 0 
b7621000-b7700000 ---p 00000000 00:00 0 
b779c000-b779d000 rw-p 00000000 00:00 0 
b779d000-b77a0000 ---p 00000000 00:00 0 
b77a0000-b77f1000 rw-p 00000000 00:00 0 
b77f1000-b77f2000 rw-p 00000000 00:00 0 
b77f2000-b77fa000 rw-s 00000000 fd:00 400629     /tmp/hsperfdata_edureka/19473
b77fa000-b77fb000 rw-p 00000000 00:00 0 
b77fb000-b77fc000 r--p 00000000 00:00 0 
b77fc000-b77fd000 rw-p 00000000 00:00 0 
bfde4000-bfde5000 rwxp 00000000 00:00 0 
bfe22000-bfe38000 rw-p 00000000 00:00 0          [stack]

VM Arguments:
jvm_args: -Xms1024m -Xmx1024m -XX:ReservedCodeCacheSize=128m -XX:MaxPermSize=256m 
java_command: /usr/share/sbt-launcher-packaging/bin/sbt-launch.jar package
Launcher Type: SUN_STANDARD

Environment Variables:
JAVA_HOME=/usr/lib/jvm/jdk1.7.0_67
CLASSPATH=.
PATH=/opt/tomcat/bin:/opt/maven/bin:/opt/ant/bin:/opt/tomcat/bin:/usr/lib/qt-3.3/bin:/opt/maven/bin:/opt/ant/bin:/usr/local/bin:/usr/bin:/bin:/usr/local/sbin:/usr/sbin:/sbin:/usr/lib/jvm/jdk1.7.0_67/bin:/usr/lib/hadoop-2.2.0/bin:/home/edureka/spark-1.5.2/bin:/home/edureka/spark-1.5.2/build/scala-2.10.4/bin:/usr/lib/hive-0.13.1-bin/bin:/home/edureka/spark-1.5.2/build/apache-maven-3.3.3/bin:/home/edureka/kafka_2.10-0.8.2.2/bin:/home/edureka/zookeeper-3.3.6/bin:/home/edureka/bin:/usr/lib/jvm/jdk1.7.0_67/bin:/usr/lib/hadoop-2.2.0/bin:/home/edureka/spark-1.5.2/bin:/home/edureka/spark-1.5.2/build/scala-2.10.4/bin:/usr/lib/hive-0.13.1-bin/bin:/home/edureka/spark-1.5.2/build/apache-maven-3.3.3/bin:/home/edureka/kafka_2.10-0.8.2.2/bin:/home/edureka/zookeeper-3.3.6/bin
USERNAME=edureka
SHELL=/bin/bash
DISPLAY=:0.0

Signal Handlers:
SIGSEGV: [libjvm.so+0x7e7680], sa_mask[0]=0x7ffbfeff, sa_flags=0x10000004
SIGBUS: [libjvm.so+0x7e7680], sa_mask[0]=0x7ffbfeff, sa_flags=0x10000004
SIGFPE: [libjvm.so+0x6818a0], sa_mask[0]=0x7ffbfeff, sa_flags=0x10000004
SIGPIPE: [libjvm.so+0x6818a0], sa_mask[0]=0x7ffbfeff, sa_flags=0x10000004
SIGXFSZ: [libjvm.so+0x6818a0], sa_mask[0]=0x7ffbfeff, sa_flags=0x10000004
SIGILL: [libjvm.so+0x6818a0], sa_mask[0]=0x7ffbfeff, sa_flags=0x10000004
SIGUSR1: SIG_DFL, sa_mask[0]=0x00000000, sa_flags=0x00000000
SIGUSR2: [libjvm.so+0x6830a0], sa_mask[0]=0x00000000, sa_flags=0x10000004
SIGHUP: SIG_DFL, sa_mask[0]=0x00000000, sa_flags=0x00000000
SIGINT: SIG_DFL, sa_mask[0]=0x00000000, sa_flags=0x00000000
SIGTERM: SIG_DFL, sa_mask[0]=0x00000000, sa_flags=0x00000000
SIGQUIT: SIG_DFL, sa_mask[0]=0x00000000, sa_flags=0x00000000


---------------  S Y S T E M  ---------------

OS:CentOS release 6.5 (Final)

uname:Linux 2.6.32-431.29.2.el6.i686 #1 SMP Tue Sep 9 20:14:52 UTC 2014 i686
libc:glibc 2.12 NPTL 2.12 
rlimit: STACK 10240k, CORE 0k, NPROC 1024, NOFILE 4096, AS infinity
load average:0.57 0.19 0.06

/proc/meminfo:
MemTotal:        1938784 kB
MemFree:           50624 kB
Buffers:            2420 kB
Cached:            40164 kB
SwapCached:        62076 kB
Active:          1195008 kB
Inactive:         615396 kB
Active(anon):    1175420 kB
Inactive(anon):   595960 kB
Active(file):      19588 kB
Inactive(file):    19436 kB
Unevictable:           0 kB
Mlocked:               0 kB
HighTotal:       1189832 kB
HighFree:           1200 kB
LowTotal:         748952 kB
LowFree:           49424 kB
SwapTotal:        835580 kB
SwapFree:         397732 kB
Dirty:               148 kB
Writeback:             0 kB
AnonPages:       1711448 kB
Mapped:            23440 kB
Shmem:              3364 kB
Slab:              47616 kB
SReclaimable:      10844 kB
SUnreclaim:        36772 kB
KernelStack:        5768 kB
PageTables:        11048 kB
NFS_Unstable:          0 kB
Bounce:                0 kB
WritebackTmp:          0 kB
CommitLimit:     1804972 kB
Committed_AS:    3918616 kB
VmallocTotal:     122880 kB
VmallocUsed:       25596 kB
VmallocChunk:      81912 kB
HugePages_Total:       0
HugePages_Free:        0
HugePages_Rsvd:        0
HugePages_Surp:        0
Hugepagesize:       2048 kB
DirectMap4k:       12280 kB
DirectMap2M:      894976 kB


CPU:total 2 (2 cores per cpu, 1 threads per core) family 6 model 42 stepping 7, cmov, cx8, fxsr, mmx, sse, sse2, sse3, ssse3, sse4.1, sse4.2, popcnt, avx, aes, tsc, tscinvbit

/proc/cpuinfo:
processor	: 0
vendor_id	: GenuineIntel
cpu family	: 6
model		: 42
model name	: Intel(R) Core(TM) i5-2450M CPU @ 2.50GHz
stepping	: 7
cpu MHz		: 2494.443
cache size	: 3072 KB
physical id	: 0
siblings	: 2
core id		: 0
cpu cores	: 2
apicid		: 0
initial apicid	: 0
fdiv_bug	: no
hlt_bug		: no
f00f_bug	: no
coma_bug	: no
fpu		: yes
fpu_exception	: yes
cpuid level	: 13
wp		: yes
flags		: fpu vme de pse tsc msr pae mce cx8 apic sep mtrr pge mca cmov pat pse36 clflush mmx fxsr sse sse2 ht syscall nx rdtscp lm constant_tsc xtopology nonstop_tsc pni pclmulqdq ssse3 cx16 sse4_1 sse4_2 popcnt aes xsave avx lahf_lm
bogomips	: 4988.88
clflush size	: 64
cache_alignment	: 64
address sizes	: 36 bits physical, 48 bits virtual
power management:

processor	: 1
vendor_id	: GenuineIntel
cpu family	: 6
model		: 42
model name	: Intel(R) Core(TM) i5-2450M CPU @ 2.50GHz
stepping	: 7
cpu MHz		: 2494.443
cache size	: 3072 KB
physical id	: 0
siblings	: 2
core id		: 1
cpu cores	: 2
apicid		: 1
initial apicid	: 1
fdiv_bug	: no
hlt_bug		: no
f00f_bug	: no
coma_bug	: no
fpu		: yes
fpu_exception	: yes
cpuid level	: 13
wp		: yes
flags		: fpu vme de pse tsc msr pae mce cx8 apic sep mtrr pge mca cmov pat pse36 clflush mmx fxsr sse sse2 ht syscall nx rdtscp lm constant_tsc xtopology nonstop_tsc pni pclmulqdq ssse3 cx16 sse4_1 sse4_2 popcnt aes xsave avx lahf_lm
bogomips	: 4988.88
clflush size	: 64
cache_alignment	: 64
address sizes	: 36 bits physical, 48 bits virtual
power management:



Memory: 4k page, physical 1938784k(50624k free), swap 835580k(397732k free)

vm_info: Java HotSpot(TM) Server VM (24.65-b04) for linux-x86 JRE (1.7.0_67-b01), built on Jul 25 2014 08:54:54 by "java_re" with gcc 4.3.0 20080428 (Red Hat 4.3.0-8)

time: Sun Aug 20 02:17:31 2017
elapsed time: 0 seconds

